<?xml version="1.0" encoding="UTF-8"?>
<testng-results skipped="0" failed="0" ignored="0" total="3" passed="3">
  <reporter-output>
  </reporter-output>
  <suite name="Default suite" duration-ms="69377" started-at="2020-08-15T14:57:50 IST" finished-at="2020-08-15T14:58:59 IST">
    <groups>
    </groups>
    <test name="Default test" duration-ms="69377" started-at="2020-08-15T14:57:50 IST" finished-at="2020-08-15T14:58:59 IST">
      <class name="org.web.automation.testcases.TC_002_DataProvider">
        <test-method status="PASS" signature="startBrowser()[pri:0, instance:org.web.automation.testcases.TC_002_DataProvider@17579e0f]" name="startBrowser" is-config="true" duration-ms="24434" started-at="2020-08-15T14:57:55 IST" finished-at="2020-08-15T14:58:19 IST">
          <reporter-output>
          </reporter-output>
        </test-method> <!-- startBrowser -->
        <test-method status="PASS" signature="tc_002(java.lang.String, java.lang.String)[pri:0, instance:org.web.automation.testcases.TC_002_DataProvider@17579e0f]" name="tc_002" duration-ms="610" started-at="2020-08-15T14:58:19 IST" data-provider="Excel" finished-at="2020-08-15T14:58:20 IST">
          <params>
            <param index="0">
              <value>
                <![CDATA[name1]]>
              </value>
            </param>
            <param index="1">
              <value>
                <![CDATA[pass1]]>
              </value>
            </param>
          </params>
          <reporter-output>
          </reporter-output>
        </test-method> <!-- tc_002 -->
        <test-method status="PASS" signature="closeBrowser()[pri:0, instance:org.web.automation.testcases.TC_002_DataProvider@17579e0f]" name="closeBrowser" is-config="true" duration-ms="1434" started-at="2020-08-15T14:58:20 IST" finished-at="2020-08-15T14:58:21 IST">
          <reporter-output>
          </reporter-output>
        </test-method> <!-- closeBrowser -->
        <test-method status="PASS" signature="startBrowser()[pri:0, instance:org.web.automation.testcases.TC_002_DataProvider@17579e0f]" name="startBrowser" is-config="true" duration-ms="18686" started-at="2020-08-15T14:58:21 IST" finished-at="2020-08-15T14:58:40 IST">
          <reporter-output>
          </reporter-output>
        </test-method> <!-- startBrowser -->
        <test-method status="PASS" signature="tc_002(java.lang.String, java.lang.String)[pri:0, instance:org.web.automation.testcases.TC_002_DataProvider@17579e0f]" name="tc_002" duration-ms="444" started-at="2020-08-15T14:58:40 IST" data-provider="Excel" finished-at="2020-08-15T14:58:40 IST">
          <params>
            <param index="0">
              <value>
                <![CDATA[name2]]>
              </value>
            </param>
            <param index="1">
              <value>
                <![CDATA[pass2]]>
              </value>
            </param>
          </params>
          <reporter-output>
          </reporter-output>
        </test-method> <!-- tc_002 -->
        <test-method status="PASS" signature="closeBrowser()[pri:0, instance:org.web.automation.testcases.TC_002_DataProvider@17579e0f]" name="closeBrowser" is-config="true" duration-ms="1461" started-at="2020-08-15T14:58:40 IST" finished-at="2020-08-15T14:58:42 IST">
          <reporter-output>
          </reporter-output>
        </test-method> <!-- closeBrowser -->
        <test-method status="PASS" signature="startBrowser()[pri:0, instance:org.web.automation.testcases.TC_002_DataProvider@17579e0f]" name="startBrowser" is-config="true" duration-ms="14727" started-at="2020-08-15T14:58:42 IST" finished-at="2020-08-15T14:58:56 IST">
          <reporter-output>
          </reporter-output>
        </test-method> <!-- startBrowser -->
        <test-method status="PASS" signature="tc_002(java.lang.String, java.lang.String)[pri:0, instance:org.web.automation.testcases.TC_002_DataProvider@17579e0f]" name="tc_002" duration-ms="1073" started-at="2020-08-15T14:58:56 IST" data-provider="Excel" finished-at="2020-08-15T14:58:58 IST">
          <params>
            <param index="0">
              <value>
                <![CDATA[name3]]>
              </value>
            </param>
            <param index="1">
              <value>
                <![CDATA[pass3]]>
              </value>
            </param>
          </params>
          <reporter-output>
          </reporter-output>
        </test-method> <!-- tc_002 -->
        <test-method status="PASS" signature="closeBrowser()[pri:0, instance:org.web.automation.testcases.TC_002_DataProvider@17579e0f]" name="closeBrowser" is-config="true" duration-ms="1783" started-at="2020-08-15T14:58:58 IST" finished-at="2020-08-15T14:58:59 IST">
          <reporter-output>
          </reporter-output>
        </test-method> <!-- closeBrowser -->
      </class> <!-- org.web.automation.testcases.TC_002_DataProvider -->
    </test> <!-- Default test -->
  </suite> <!-- Default suite -->
</testng-results>
