<?xml version="1.0" encoding="UTF-8"?>
<!-- Generated by org.testng.reporters.JUnitXMLReporter -->
<testsuite hostname="INCHCMLP03299" ignored="0" name="Default test" tests="3" failures="0" timestamp="2020-08-15T14:59:00 IST" time="69.377" errors="0">
  <testcase name="tc_002" time="0.61" classname="org.web.automation.testcases.TC_002_DataProvider"/>
  <testcase name="tc_002" time="0.444" classname="org.web.automation.testcases.TC_002_DataProvider"/>
  <testcase name="tc_002" time="1.073" classname="org.web.automation.testcases.TC_002_DataProvider"/>
</testsuite> <!-- Default test -->
