<?xml version="1.0" encoding="UTF-8"?>
<!-- Generated by org.testng.reporters.JUnitXMLReporter -->
<testsuite hostname="INCHCMLP03299" ignored="0" name="Default test" tests="3" failures="0" timestamp="2020-08-20T21:03:21 IST" time="57.554" errors="0">
  <testcase name="tc_002" time="0.961" classname="org.web.automation.testcases.TC_002_DataProvider"/>
  <testcase name="tc_002" time="1.2" classname="org.web.automation.testcases.TC_002_DataProvider"/>
  <testcase name="tc_002" time="1.254" classname="org.web.automation.testcases.TC_002_DataProvider"/>
</testsuite> <!-- Default test -->
